2021-07-28 17:07:10,521 [Worker-3: Loading available Gradle versions] INFO  o.e.b.c.i.u.g.PublishedGradleVersions - Gradle version information cache is up-to-date. Trying to read.
2021-07-28 17:10:03,012 [Worker-5: Creating maven-archetype-quickstart] INFO  o.e.m.c.i.p.ProjectConfigurationManager - Collecting project info '/pom.xml' F:\4 stl document\springboot stl\SimpleBean\pom.xml
2021-07-28 17:10:12,197 [Worker-5: Creating maven-archetype-quickstart] INFO  o.e.m.c.i.l.LifecycleMappingFactory - Using org.eclipse.m2e.jdt.JarLifecycleMapping lifecycle mapping for MavenProject: com.phoenix:SimpleBean:0.0.1-SNAPSHOT @ F:\4 stl document\springboot stl\SimpleBean\pom.xml.
2021-07-28 17:10:16,235 [Worker-5: Creating maven-archetype-quickstart] INFO  o.e.m.j.i.AbstractJavaProjectConfigurator - Adding source folder /SimpleBean/src/main/java
2021-07-28 17:10:16,240 [Worker-5: Creating maven-archetype-quickstart] INFO  o.e.m.j.i.AbstractJavaProjectConfigurator - Adding source folder /SimpleBean/src/test/java
2021-07-28 17:10:18,379 [Worker-5: Creating maven-archetype-quickstart] INFO  o.e.m.c.i.p.ProjectConfigurationManager - Imported and configured 1 project(s) in 15 sec
2021-07-28 17:10:23,659 [Worker-18: Building] INFO  o.e.m.c.i.embedder.EclipseLogger - Using 'UTF-8' encoding to copy filtered resources.
2021-07-28 17:10:23,659 [Worker-18: Building] INFO  o.e.m.c.i.embedder.EclipseLogger - skip non existing resourceDirectory F:\4 stl document\springboot stl\SimpleBean\src\main\resources
2021-07-28 17:10:23,661 [Worker-18: Building] INFO  o.e.m.c.i.embedder.EclipseLogger - Using 'UTF-8' encoding to copy filtered resources.
2021-07-28 17:10:23,661 [Worker-18: Building] INFO  o.e.m.c.i.embedder.EclipseLogger - skip non existing resourceDirectory F:\4 stl document\springboot stl\SimpleBean\src\test\resources
2021-07-28 17:10:33,578 [Worker-21: Building] INFO  o.e.m.c.i.embedder.EclipseLogger - Using 'UTF-8' encoding to copy filtered resources.
2021-07-28 17:10:33,579 [Worker-21: Building] INFO  o.e.m.c.i.embedder.EclipseLogger - skip non existing resourceDirectory F:\4 stl document\springboot stl\SimpleBean\src\main\resources
2021-07-28 17:10:33,581 [Worker-21: Building] INFO  o.e.m.c.i.embedder.EclipseLogger - Using 'UTF-8' encoding to copy filtered resources.
2021-07-28 17:10:33,581 [Worker-21: Building] INFO  o.e.m.c.i.embedder.EclipseLogger - skip non existing resourceDirectory F:\4 stl document\springboot stl\SimpleBean\src\test\resources
2021-07-28 17:11:00,197 [Worker-20: Building] INFO  o.e.m.c.i.embedder.EclipseLogger - Using 'UTF-8' encoding to copy filtered resources.
2021-07-28 17:11:00,197 [Worker-20: Building] INFO  o.e.m.c.i.embedder.EclipseLogger - skip non existing resourceDirectory F:\4 stl document\springboot stl\SimpleBean\src\main\resources
2021-07-28 17:11:00,199 [Worker-20: Building] INFO  o.e.m.c.i.embedder.EclipseLogger - Using 'UTF-8' encoding to copy filtered resources.
2021-07-28 17:11:00,199 [Worker-20: Building] INFO  o.e.m.c.i.embedder.EclipseLogger - skip non existing resourceDirectory F:\4 stl document\springboot stl\SimpleBean\src\test\resources
2021-07-28 17:11:21,626 [Worker-5: Building] INFO  o.e.m.c.i.embedder.EclipseLogger - Using 'UTF-8' encoding to copy filtered resources.
2021-07-28 17:11:21,628 [Worker-5: Building] INFO  o.e.m.c.i.embedder.EclipseLogger - skip non existing resourceDirectory F:\4 stl document\springboot stl\SimpleBean\src\main\resources
2021-07-28 17:11:21,630 [Worker-5: Building] INFO  o.e.m.c.i.embedder.EclipseLogger - Using 'UTF-8' encoding to copy filtered resources.
2021-07-28 17:11:21,630 [Worker-5: Building] INFO  o.e.m.c.i.embedder.EclipseLogger - skip non existing resourceDirectory F:\4 stl document\springboot stl\SimpleBean\src\test\resources
2021-07-28 17:11:23,137 [Worker-18: Building] INFO  o.e.m.c.i.embedder.EclipseLogger - Using 'UTF-8' encoding to copy filtered resources.
2021-07-28 17:11:23,137 [Worker-18: Building] INFO  o.e.m.c.i.embedder.EclipseLogger - skip non existing resourceDirectory F:\4 stl document\springboot stl\SimpleBean\src\main\resources
2021-07-28 17:11:23,138 [Worker-18: Building] INFO  o.e.m.c.i.embedder.EclipseLogger - Using 'UTF-8' encoding to copy filtered resources.
2021-07-28 17:11:23,138 [Worker-18: Building] INFO  o.e.m.c.i.embedder.EclipseLogger - skip non existing resourceDirectory F:\4 stl document\springboot stl\SimpleBean\src\test\resources
2021-07-28 17:12:40,391 [Worker-18: Building] INFO  o.e.m.c.i.l.LifecycleMappingFactory - Using org.eclipse.m2e.jdt.JarLifecycleMapping lifecycle mapping for MavenProject: com.phoenix:SimpleBean:0.0.1-SNAPSHOT @ F:\4 stl document\springboot stl\SimpleBean\pom.xml.
2021-07-28 17:12:45,993 [Worker-5: Download sources and javadoc] INFO  o.e.m.c.i.e.AbstractTransferListenerAdapter - Downloading https://repo.maven.apache.org/maven2/org/springframework/spring-context/5.3.9/spring-context-5.3.9-sources.jar
2021-07-28 17:12:47,252 [Worker-5: Download sources and javadoc] INFO  o.e.m.c.i.e.AbstractTransferListenerAdapter - Downloaded https://repo.maven.apache.org/maven2/org/springframework/spring-context/5.3.9/spring-context-5.3.9-sources.jar
2021-07-28 17:12:47,296 [Worker-5: Download sources and javadoc] INFO  o.e.m.j.internal.DownloadSourcesJob - Downloaded sources for org.springframework:spring-context:5.3.9
2021-07-28 17:12:47,999 [Worker-5: Download sources and javadoc] INFO  o.e.m.c.i.e.AbstractTransferListenerAdapter - Downloading https://repo.maven.apache.org/maven2/org/springframework/spring-aop/5.3.9/spring-aop-5.3.9-sources.jar
2021-07-28 17:12:49,147 [Worker-5: Download sources and javadoc] INFO  o.e.m.c.i.e.AbstractTransferListenerAdapter - Downloaded https://repo.maven.apache.org/maven2/org/springframework/spring-aop/5.3.9/spring-aop-5.3.9-sources.jar
2021-07-28 17:12:49,151 [Worker-5: Download sources and javadoc] INFO  o.e.m.j.internal.DownloadSourcesJob - Downloaded sources for org.springframework:spring-aop:5.3.9
2021-07-28 17:12:49,795 [Worker-5: Download sources and javadoc] INFO  o.e.m.c.i.e.AbstractTransferListenerAdapter - Downloading https://repo.maven.apache.org/maven2/org/springframework/spring-beans/5.3.9/spring-beans-5.3.9-sources.jar
2021-07-28 17:12:50,359 [Worker-18: Building] INFO  o.e.m.c.i.embedder.EclipseLogger - Using 'UTF-8' encoding to copy filtered resources.
2021-07-28 17:12:50,359 [Worker-18: Building] INFO  o.e.m.c.i.embedder.EclipseLogger - skip non existing resourceDirectory F:\4 stl document\springboot stl\SimpleBean\src\main\resources
2021-07-28 17:12:50,362 [Worker-18: Building] INFO  o.e.m.c.i.embedder.EclipseLogger - Using 'UTF-8' encoding to copy filtered resources.
2021-07-28 17:12:50,362 [Worker-18: Building] INFO  o.e.m.c.i.embedder.EclipseLogger - skip non existing resourceDirectory F:\4 stl document\springboot stl\SimpleBean\src\test\resources
2021-07-28 17:12:51,270 [Worker-5: Download sources and javadoc] INFO  o.e.m.c.i.e.AbstractTransferListenerAdapter - Downloaded https://repo.maven.apache.org/maven2/org/springframework/spring-beans/5.3.9/spring-beans-5.3.9-sources.jar
2021-07-28 17:12:51,339 [Worker-5: Download sources and javadoc] INFO  o.e.m.j.internal.DownloadSourcesJob - Downloaded sources for org.springframework:spring-beans:5.3.9
2021-07-28 17:12:52,019 [Worker-5: Download sources and javadoc] INFO  o.e.m.c.i.e.AbstractTransferListenerAdapter - Downloading https://repo.maven.apache.org/maven2/org/springframework/spring-core/5.3.9/spring-core-5.3.9-sources.jar
2021-07-28 17:12:53,316 [Worker-5: Download sources and javadoc] INFO  o.e.m.c.i.e.AbstractTransferListenerAdapter - Downloaded https://repo.maven.apache.org/maven2/org/springframework/spring-core/5.3.9/spring-core-5.3.9-sources.jar
2021-07-28 17:12:53,377 [Worker-5: Download sources and javadoc] INFO  o.e.m.j.internal.DownloadSourcesJob - Downloaded sources for org.springframework:spring-core:5.3.9
2021-07-28 17:12:54,017 [Worker-22: Building] INFO  o.e.m.c.i.embedder.EclipseLogger - Using 'UTF-8' encoding to copy filtered resources.
2021-07-28 17:12:54,017 [Worker-22: Building] INFO  o.e.m.c.i.embedder.EclipseLogger - skip non existing resourceDirectory F:\4 stl document\springboot stl\SimpleBean\src\main\resources
2021-07-28 17:12:54,018 [Worker-22: Building] INFO  o.e.m.c.i.embedder.EclipseLogger - Using 'UTF-8' encoding to copy filtered resources.
2021-07-28 17:12:54,019 [Worker-22: Building] INFO  o.e.m.c.i.embedder.EclipseLogger - skip non existing resourceDirectory F:\4 stl document\springboot stl\SimpleBean\src\test\resources
2021-07-28 17:12:54,072 [Worker-5: Download sources and javadoc] INFO  o.e.m.c.i.e.AbstractTransferListenerAdapter - Downloading https://repo.maven.apache.org/maven2/org/springframework/spring-jcl/5.3.9/spring-jcl-5.3.9-sources.jar
2021-07-28 17:13:06,532 [Worker-5: Download sources and javadoc] INFO  o.e.m.c.i.e.AbstractTransferListenerAdapter - Downloaded https://repo.maven.apache.org/maven2/org/springframework/spring-jcl/5.3.9/spring-jcl-5.3.9-sources.jar
2021-07-28 17:13:06,782 [Worker-5: Download sources and javadoc] INFO  o.e.m.j.internal.DownloadSourcesJob - Downloaded sources for org.springframework:spring-jcl:5.3.9
2021-07-28 17:13:07,484 [Worker-5: Download sources and javadoc] INFO  o.e.m.c.i.e.AbstractTransferListenerAdapter - Downloading https://repo.maven.apache.org/maven2/org/springframework/spring-expression/5.3.9/spring-expression-5.3.9-sources.jar
2021-07-28 17:13:08,883 [Worker-5: Download sources and javadoc] INFO  o.e.m.c.i.e.AbstractTransferListenerAdapter - Downloaded https://repo.maven.apache.org/maven2/org/springframework/spring-expression/5.3.9/spring-expression-5.3.9-sources.jar
2021-07-28 17:13:09,036 [Worker-5: Download sources and javadoc] INFO  o.e.m.j.internal.DownloadSourcesJob - Downloaded sources for org.springframework:spring-expression:5.3.9
2021-07-28 17:13:09,239 [Worker-18: Building] INFO  o.e.m.c.i.embedder.EclipseLogger - Using 'UTF-8' encoding to copy filtered resources.
2021-07-28 17:13:09,239 [Worker-18: Building] INFO  o.e.m.c.i.embedder.EclipseLogger - skip non existing resourceDirectory F:\4 stl document\springboot stl\SimpleBean\src\main\resources
2021-07-28 17:13:09,240 [Worker-18: Building] INFO  o.e.m.c.i.embedder.EclipseLogger - Using 'UTF-8' encoding to copy filtered resources.
2021-07-28 17:13:09,241 [Worker-18: Building] INFO  o.e.m.c.i.embedder.EclipseLogger - skip non existing resourceDirectory F:\4 stl document\springboot stl\SimpleBean\src\test\resources
2021-07-28 17:14:51,250 [Worker-5: Building] INFO  o.e.m.c.i.embedder.EclipseLogger - Using 'UTF-8' encoding to copy filtered resources.
2021-07-28 17:14:51,250 [Worker-5: Building] INFO  o.e.m.c.i.embedder.EclipseLogger - skip non existing resourceDirectory F:\4 stl document\springboot stl\SimpleBean\src\main\resources
2021-07-28 17:14:51,251 [Worker-5: Building] INFO  o.e.m.c.i.embedder.EclipseLogger - Using 'UTF-8' encoding to copy filtered resources.
2021-07-28 17:14:51,251 [Worker-5: Building] INFO  o.e.m.c.i.embedder.EclipseLogger - skip non existing resourceDirectory F:\4 stl document\springboot stl\SimpleBean\src\test\resources
2021-07-28 17:14:56,954 [Worker-20: Building] INFO  o.e.m.c.i.embedder.EclipseLogger - Using 'UTF-8' encoding to copy filtered resources.
2021-07-28 17:14:56,954 [Worker-20: Building] INFO  o.e.m.c.i.embedder.EclipseLogger - skip non existing resourceDirectory F:\4 stl document\springboot stl\SimpleBean\src\main\resources
2021-07-28 17:14:56,955 [Worker-20: Building] INFO  o.e.m.c.i.embedder.EclipseLogger - Using 'UTF-8' encoding to copy filtered resources.
2021-07-28 17:14:56,955 [Worker-20: Building] INFO  o.e.m.c.i.embedder.EclipseLogger - skip non existing resourceDirectory F:\4 stl document\springboot stl\SimpleBean\src\test\resources
2021-07-28 17:15:29,707 [Worker-21: Building] INFO  o.e.m.c.i.embedder.EclipseLogger - Using 'UTF-8' encoding to copy filtered resources.
2021-07-28 17:15:29,707 [Worker-21: Building] INFO  o.e.m.c.i.embedder.EclipseLogger - skip non existing resourceDirectory F:\4 stl document\springboot stl\SimpleBean\src\main\resources
2021-07-28 17:15:29,708 [Worker-21: Building] INFO  o.e.m.c.i.embedder.EclipseLogger - Using 'UTF-8' encoding to copy filtered resources.
2021-07-28 17:15:29,709 [Worker-21: Building] INFO  o.e.m.c.i.embedder.EclipseLogger - skip non existing resourceDirectory F:\4 stl document\springboot stl\SimpleBean\src\test\resources
2021-07-28 17:16:04,180 [Worker-18: Building] INFO  o.e.m.c.i.embedder.EclipseLogger - Using 'UTF-8' encoding to copy filtered resources.
2021-07-28 17:16:04,180 [Worker-18: Building] INFO  o.e.m.c.i.embedder.EclipseLogger - skip non existing resourceDirectory F:\4 stl document\springboot stl\SimpleBean\src\main\resources
2021-07-28 17:16:04,182 [Worker-18: Building] INFO  o.e.m.c.i.embedder.EclipseLogger - Using 'UTF-8' encoding to copy filtered resources.
2021-07-28 17:16:04,182 [Worker-18: Building] INFO  o.e.m.c.i.embedder.EclipseLogger - skip non existing resourceDirectory F:\4 stl document\springboot stl\SimpleBean\src\test\resources
2021-07-28 17:20:02,571 [Worker-22: Building] INFO  o.e.m.c.i.embedder.EclipseLogger - Using 'UTF-8' encoding to copy filtered resources.
2021-07-28 17:20:02,572 [Worker-22: Building] INFO  o.e.m.c.i.embedder.EclipseLogger - skip non existing resourceDirectory F:\4 stl document\springboot stl\SimpleBean\src\main\resources
2021-07-28 17:20:02,576 [Worker-22: Building] INFO  o.e.m.c.i.embedder.EclipseLogger - Using 'UTF-8' encoding to copy filtered resources.
2021-07-28 17:20:02,576 [Worker-22: Building] INFO  o.e.m.c.i.embedder.EclipseLogger - skip non existing resourceDirectory F:\4 stl document\springboot stl\SimpleBean\src\test\resources
2021-07-28 17:20:27,906 [Worker-21: Building] INFO  o.e.m.c.i.embedder.EclipseLogger - Using 'UTF-8' encoding to copy filtered resources.
2021-07-28 17:20:27,906 [Worker-21: Building] INFO  o.e.m.c.i.embedder.EclipseLogger - skip non existing resourceDirectory F:\4 stl document\springboot stl\SimpleBean\src\main\resources
2021-07-28 17:20:27,907 [Worker-21: Building] INFO  o.e.m.c.i.embedder.EclipseLogger - Using 'UTF-8' encoding to copy filtered resources.
2021-07-28 17:20:27,908 [Worker-21: Building] INFO  o.e.m.c.i.embedder.EclipseLogger - skip non existing resourceDirectory F:\4 stl document\springboot stl\SimpleBean\src\test\resources
2021-07-28 17:22:50,189 [Worker-5: Building] INFO  o.e.m.c.i.embedder.EclipseLogger - Using 'UTF-8' encoding to copy filtered resources.
2021-07-28 17:22:50,190 [Worker-5: Building] INFO  o.e.m.c.i.embedder.EclipseLogger - skip non existing resourceDirectory F:\4 stl document\springboot stl\SimpleBean\src\main\resources
2021-07-28 17:22:50,191 [Worker-5: Building] INFO  o.e.m.c.i.embedder.EclipseLogger - Using 'UTF-8' encoding to copy filtered resources.
2021-07-28 17:22:50,191 [Worker-5: Building] INFO  o.e.m.c.i.embedder.EclipseLogger - skip non existing resourceDirectory F:\4 stl document\springboot stl\SimpleBean\src\test\resources
2021-07-28 17:22:57,261 [Worker-18: Building] INFO  o.e.m.c.i.embedder.EclipseLogger - Using 'UTF-8' encoding to copy filtered resources.
2021-07-28 17:22:57,261 [Worker-18: Building] INFO  o.e.m.c.i.embedder.EclipseLogger - skip non existing resourceDirectory F:\4 stl document\springboot stl\SimpleBean\src\main\resources
2021-07-28 17:22:57,262 [Worker-18: Building] INFO  o.e.m.c.i.embedder.EclipseLogger - Using 'UTF-8' encoding to copy filtered resources.
2021-07-28 17:22:57,262 [Worker-18: Building] INFO  o.e.m.c.i.embedder.EclipseLogger - skip non existing resourceDirectory F:\4 stl document\springboot stl\SimpleBean\src\test\resources
2021-07-28 17:23:19,649 [main] INFO  o.e.m2e.actions.ExecutePomAction - Creating new launch configuration
2021-07-28 17:23:31,039 [Worker-22: Launching SimpleBean] INFO  o.e.m.i.launch.MavenLaunchDelegate - F:\4 stl document\springboot stl\SimpleBean
2021-07-28 17:23:31,040 [Worker-22: Launching SimpleBean] INFO  o.e.m.i.launch.MavenLaunchDelegate -  mvn -B clean compile
2021-07-28 17:23:31,074 [Worker-21: Building] INFO  o.e.m.c.i.embedder.EclipseLogger - Using 'UTF-8' encoding to copy filtered resources.
2021-07-28 17:23:31,074 [Worker-21: Building] INFO  o.e.m.c.i.embedder.EclipseLogger - skip non existing resourceDirectory F:\4 stl document\springboot stl\SimpleBean\src\main\resources
2021-07-28 17:23:31,075 [Worker-21: Building] INFO  o.e.m.c.i.embedder.EclipseLogger - Using 'UTF-8' encoding to copy filtered resources.
2021-07-28 17:23:31,075 [Worker-21: Building] INFO  o.e.m.c.i.embedder.EclipseLogger - skip non existing resourceDirectory F:\4 stl document\springboot stl\SimpleBean\src\test\resources
2021-07-28 17:24:22,482 [Worker-16: Building] INFO  o.e.m.c.i.embedder.EclipseLogger - Using 'UTF-8' encoding to copy filtered resources.
2021-07-28 17:24:22,483 [Worker-16: Building] INFO  o.e.m.c.i.embedder.EclipseLogger - skip non existing resourceDirectory F:\4 stl document\springboot stl\SimpleBean\src\main\resources
2021-07-28 17:24:22,484 [Worker-16: Building] INFO  o.e.m.c.i.embedder.EclipseLogger - Using 'UTF-8' encoding to copy filtered resources.
2021-07-28 17:24:22,484 [Worker-16: Building] INFO  o.e.m.c.i.embedder.EclipseLogger - skip non existing resourceDirectory F:\4 stl document\springboot stl\SimpleBean\src\test\resources
2021-07-28 17:25:16,306 [Worker-21: Building] INFO  o.e.m.c.i.embedder.EclipseLogger - Using 'UTF-8' encoding to copy filtered resources.
2021-07-28 17:25:16,306 [Worker-21: Building] INFO  o.e.m.c.i.embedder.EclipseLogger - skip non existing resourceDirectory F:\4 stl document\springboot stl\SimpleBean\src\main\resources
2021-07-28 17:25:16,309 [Worker-21: Building] INFO  o.e.m.c.i.embedder.EclipseLogger - Using 'UTF-8' encoding to copy filtered resources.
2021-07-28 17:25:16,309 [Worker-21: Building] INFO  o.e.m.c.i.embedder.EclipseLogger - skip non existing resourceDirectory F:\4 stl document\springboot stl\SimpleBean\src\test\resources
2021-07-28 17:27:18,258 [Worker-16: Building] INFO  o.e.m.c.i.embedder.EclipseLogger - Using 'UTF-8' encoding to copy filtered resources.
2021-07-28 17:27:18,258 [Worker-16: Building] INFO  o.e.m.c.i.embedder.EclipseLogger - skip non existing resourceDirectory F:\4 stl document\springboot stl\SimpleBean\src\main\resources
2021-07-28 17:27:18,259 [Worker-16: Building] INFO  o.e.m.c.i.embedder.EclipseLogger - Using 'UTF-8' encoding to copy filtered resources.
2021-07-28 17:27:18,259 [Worker-16: Building] INFO  o.e.m.c.i.embedder.EclipseLogger - skip non existing resourceDirectory F:\4 stl document\springboot stl\SimpleBean\src\test\resources
2021-07-28 17:27:58,242 [Worker-23: Building] INFO  o.e.m.c.i.embedder.EclipseLogger - Using 'UTF-8' encoding to copy filtered resources.
2021-07-28 17:27:58,242 [Worker-23: Building] INFO  o.e.m.c.i.embedder.EclipseLogger - skip non existing resourceDirectory F:\4 stl document\springboot stl\SimpleBean\src\main\resources
2021-07-28 17:27:58,244 [Worker-23: Building] INFO  o.e.m.c.i.embedder.EclipseLogger - Using 'UTF-8' encoding to copy filtered resources.
2021-07-28 17:27:58,244 [Worker-23: Building] INFO  o.e.m.c.i.embedder.EclipseLogger - skip non existing resourceDirectory F:\4 stl document\springboot stl\SimpleBean\src\test\resources
2021-07-28 17:27:59,345 [Worker-16: Building] INFO  o.e.m.c.i.embedder.EclipseLogger - Using 'UTF-8' encoding to copy filtered resources.
2021-07-28 17:27:59,345 [Worker-16: Building] INFO  o.e.m.c.i.embedder.EclipseLogger - skip non existing resourceDirectory F:\4 stl document\springboot stl\SimpleBean\src\main\resources
2021-07-28 17:27:59,346 [Worker-16: Building] INFO  o.e.m.c.i.embedder.EclipseLogger - Using 'UTF-8' encoding to copy filtered resources.
2021-07-28 17:27:59,347 [Worker-16: Building] INFO  o.e.m.c.i.embedder.EclipseLogger - skip non existing resourceDirectory F:\4 stl document\springboot stl\SimpleBean\src\test\resources
2021-07-28 17:34:32,990 [Worker-25: Building] INFO  o.e.m.c.i.embedder.EclipseLogger - Using 'UTF-8' encoding to copy filtered resources.
2021-07-28 17:34:32,991 [Worker-25: Building] INFO  o.e.m.c.i.embedder.EclipseLogger - skip non existing resourceDirectory F:\4 stl document\springboot stl\SimpleBean\src\main\resources
2021-07-28 17:34:32,992 [Worker-25: Building] INFO  o.e.m.c.i.embedder.EclipseLogger - Using 'UTF-8' encoding to copy filtered resources.
2021-07-28 17:34:32,994 [Worker-25: Building] INFO  o.e.m.c.i.embedder.EclipseLogger - skip non existing resourceDirectory F:\4 stl document\springboot stl\SimpleBean\src\test\resources
2021-07-28 17:39:46,310 [Worker-27: Building] INFO  o.e.m.c.i.embedder.EclipseLogger - Using 'UTF-8' encoding to copy filtered resources.
2021-07-28 17:39:46,392 [Worker-27: Building] INFO  o.e.m.c.i.embedder.EclipseLogger - skip non existing resourceDirectory F:\4 stl document\springboot stl\SimpleBean\src\main\resources
2021-07-28 17:39:46,396 [Worker-27: Building] INFO  o.e.m.c.i.embedder.EclipseLogger - Using 'UTF-8' encoding to copy filtered resources.
2021-07-28 17:39:46,420 [Worker-27: Building] INFO  o.e.m.c.i.embedder.EclipseLogger - skip non existing resourceDirectory F:\4 stl document\springboot stl\SimpleBean\src\test\resources
2021-07-28 17:40:00,872 [main] INFO  o.e.m2e.actions.ExecutePomAction - Creating new launch configuration
2021-07-28 17:40:12,424 [Worker-18: Launching SimpleBean (1)] INFO  o.e.m.i.launch.MavenLaunchDelegate - F:\4 stl document\springboot stl\SimpleBean
2021-07-28 17:40:12,424 [Worker-18: Launching SimpleBean (1)] INFO  o.e.m.i.launch.MavenLaunchDelegate -  mvn -B clean compile
2021-07-28 17:45:59,422 [Worker-3: Loading available Gradle versions] INFO  o.e.b.c.i.u.g.PublishedGradleVersions - Gradle version information cache is up-to-date. Trying to read.
2021-07-28 17:49:28,407 [Worker-22: Creating maven-archetype-quickstart] INFO  o.e.m.c.i.p.ProjectConfigurationManager - Collecting project info '/pom.xml' F:\4 stl document\springboot stl\SimpleBeans\pom.xml
2021-07-28 17:49:34,351 [Worker-22: Creating maven-archetype-quickstart] INFO  o.e.m.c.i.l.LifecycleMappingFactory - Using org.eclipse.m2e.jdt.JarLifecycleMapping lifecycle mapping for MavenProject: com.phoenix:SimpleBeans:0.0.1-SNAPSHOT @ F:\4 stl document\springboot stl\SimpleBeans\pom.xml.
2021-07-28 17:49:40,147 [Worker-22: Creating maven-archetype-quickstart] INFO  o.e.m.j.i.AbstractJavaProjectConfigurator - Adding source folder /SimpleBeans/src/main/java
2021-07-28 17:49:40,152 [Worker-22: Creating maven-archetype-quickstart] INFO  o.e.m.j.i.AbstractJavaProjectConfigurator - Adding source folder /SimpleBeans/src/test/java
2021-07-28 17:49:40,649 [Worker-22: Creating maven-archetype-quickstart] INFO  o.e.m.c.i.p.ProjectConfigurationManager - Imported and configured 1 project(s) in 12 sec
2021-07-28 17:49:42,162 [Worker-23: Building] INFO  o.e.m.c.i.embedder.EclipseLogger - Using 'UTF-8' encoding to copy filtered resources.
2021-07-28 17:49:42,162 [Worker-23: Building] INFO  o.e.m.c.i.embedder.EclipseLogger - skip non existing resourceDirectory F:\4 stl document\springboot stl\SimpleBeans\src\main\resources
2021-07-28 17:49:42,164 [Worker-23: Building] INFO  o.e.m.c.i.embedder.EclipseLogger - Using 'UTF-8' encoding to copy filtered resources.
2021-07-28 17:49:42,164 [Worker-23: Building] INFO  o.e.m.c.i.embedder.EclipseLogger - skip non existing resourceDirectory F:\4 stl document\springboot stl\SimpleBeans\src\test\resources
2021-07-28 17:51:16,945 [Worker-21: Building] INFO  o.e.m.c.i.embedder.EclipseLogger - Using 'UTF-8' encoding to copy filtered resources.
2021-07-28 17:51:16,945 [Worker-21: Building] INFO  o.e.m.c.i.embedder.EclipseLogger - skip non existing resourceDirectory F:\4 stl document\springboot stl\SimpleBean\src\main\resources
2021-07-28 17:51:16,946 [Worker-21: Building] INFO  o.e.m.c.i.embedder.EclipseLogger - Using 'UTF-8' encoding to copy filtered resources.
2021-07-28 17:51:16,947 [Worker-21: Building] INFO  o.e.m.c.i.embedder.EclipseLogger - skip non existing resourceDirectory F:\4 stl document\springboot stl\SimpleBean\src\test\resources
2021-07-28 17:51:31,618 [Worker-23: Building] INFO  o.e.m.c.i.l.LifecycleMappingFactory - Using org.eclipse.m2e.jdt.JarLifecycleMapping lifecycle mapping for MavenProject: com.phoenix:SimpleBeans:0.0.1-SNAPSHOT @ F:\4 stl document\springboot stl\SimpleBeans\pom.xml.
2021-07-28 17:51:32,485 [Worker-23: Building] INFO  o.e.m.c.i.embedder.EclipseLogger - Using 'UTF-8' encoding to copy filtered resources.
2021-07-28 17:51:32,486 [Worker-23: Building] INFO  o.e.m.c.i.embedder.EclipseLogger - skip non existing resourceDirectory F:\4 stl document\springboot stl\SimpleBeans\src\main\resources
2021-07-28 17:51:32,487 [Worker-23: Building] INFO  o.e.m.c.i.embedder.EclipseLogger - Using 'UTF-8' encoding to copy filtered resources.
2021-07-28 17:51:32,487 [Worker-23: Building] INFO  o.e.m.c.i.embedder.EclipseLogger - skip non existing resourceDirectory F:\4 stl document\springboot stl\SimpleBeans\src\test\resources
2021-07-28 17:51:47,349 [Worker-9: Building] INFO  o.e.m.c.i.embedder.EclipseLogger - Using 'UTF-8' encoding to copy filtered resources.
2021-07-28 17:51:47,349 [Worker-9: Building] INFO  o.e.m.c.i.embedder.EclipseLogger - skip non existing resourceDirectory F:\4 stl document\springboot stl\SimpleBeans\src\main\resources
2021-07-28 17:51:47,350 [Worker-9: Building] INFO  o.e.m.c.i.embedder.EclipseLogger - Using 'UTF-8' encoding to copy filtered resources.
2021-07-28 17:51:47,351 [Worker-9: Building] INFO  o.e.m.c.i.embedder.EclipseLogger - skip non existing resourceDirectory F:\4 stl document\springboot stl\SimpleBeans\src\test\resources
2021-07-28 17:52:25,374 [Worker-23: Building] INFO  o.e.m.c.i.l.LifecycleMappingFactory - Using org.eclipse.m2e.jdt.JarLifecycleMapping lifecycle mapping for MavenProject: com.phoenix:SimpleBeans:0.0.1-SNAPSHOT @ F:\4 stl document\springboot stl\SimpleBeans\pom.xml.
2021-07-28 17:52:26,483 [Worker-23: Building] INFO  o.e.m.c.i.embedder.EclipseLogger - Using 'UTF-8' encoding to copy filtered resources.
2021-07-28 17:52:26,483 [Worker-23: Building] INFO  o.e.m.c.i.embedder.EclipseLogger - skip non existing resourceDirectory F:\4 stl document\springboot stl\SimpleBeans\src\main\resources
2021-07-28 17:52:26,484 [Worker-23: Building] INFO  o.e.m.c.i.embedder.EclipseLogger - Using 'UTF-8' encoding to copy filtered resources.
2021-07-28 17:52:26,485 [Worker-23: Building] INFO  o.e.m.c.i.embedder.EclipseLogger - skip non existing resourceDirectory F:\4 stl document\springboot stl\SimpleBeans\src\test\resources
2021-07-28 17:52:28,431 [Worker-21: Building] INFO  o.e.m.c.i.embedder.EclipseLogger - Using 'UTF-8' encoding to copy filtered resources.
2021-07-28 17:52:28,431 [Worker-21: Building] INFO  o.e.m.c.i.embedder.EclipseLogger - skip non existing resourceDirectory F:\4 stl document\springboot stl\SimpleBeans\src\main\resources
2021-07-28 17:52:28,433 [Worker-21: Building] INFO  o.e.m.c.i.embedder.EclipseLogger - Using 'UTF-8' encoding to copy filtered resources.
2021-07-28 17:52:28,433 [Worker-21: Building] INFO  o.e.m.c.i.embedder.EclipseLogger - skip non existing resourceDirectory F:\4 stl document\springboot stl\SimpleBeans\src\test\resources
2021-07-28 17:52:41,804 [Worker-22: Building] INFO  o.e.m.c.i.embedder.EclipseLogger - Using 'UTF-8' encoding to copy filtered resources.
2021-07-28 17:52:41,804 [Worker-22: Building] INFO  o.e.m.c.i.embedder.EclipseLogger - skip non existing resourceDirectory F:\4 stl document\springboot stl\SimpleBeans\src\main\resources
2021-07-28 17:52:41,805 [Worker-22: Building] INFO  o.e.m.c.i.embedder.EclipseLogger - Using 'UTF-8' encoding to copy filtered resources.
2021-07-28 17:52:41,805 [Worker-22: Building] INFO  o.e.m.c.i.embedder.EclipseLogger - skip non existing resourceDirectory F:\4 stl document\springboot stl\SimpleBeans\src\test\resources
2021-07-28 17:53:57,562 [Worker-22: Building] INFO  o.e.m.c.i.embedder.EclipseLogger - Using 'UTF-8' encoding to copy filtered resources.
2021-07-28 17:53:57,562 [Worker-22: Building] INFO  o.e.m.c.i.embedder.EclipseLogger - skip non existing resourceDirectory F:\4 stl document\springboot stl\SimpleBeans\src\main\resources
2021-07-28 17:53:57,565 [Worker-22: Building] INFO  o.e.m.c.i.embedder.EclipseLogger - Using 'UTF-8' encoding to copy filtered resources.
2021-07-28 17:53:57,565 [Worker-22: Building] INFO  o.e.m.c.i.embedder.EclipseLogger - skip non existing resourceDirectory F:\4 stl document\springboot stl\SimpleBeans\src\test\resources
2021-07-28 17:54:39,451 [Worker-25: Building] INFO  o.e.m.c.i.embedder.EclipseLogger - Using 'UTF-8' encoding to copy filtered resources.
2021-07-28 17:54:39,452 [Worker-25: Building] INFO  o.e.m.c.i.embedder.EclipseLogger - skip non existing resourceDirectory F:\4 stl document\springboot stl\SimpleBeans\src\main\resources
2021-07-28 17:54:39,453 [Worker-25: Building] INFO  o.e.m.c.i.embedder.EclipseLogger - Using 'UTF-8' encoding to copy filtered resources.
2021-07-28 17:54:39,453 [Worker-25: Building] INFO  o.e.m.c.i.embedder.EclipseLogger - skip non existing resourceDirectory F:\4 stl document\springboot stl\SimpleBeans\src\test\resources
2021-07-28 17:56:07,024 [Worker-21: Building] INFO  o.e.m.c.i.embedder.EclipseLogger - Using 'UTF-8' encoding to copy filtered resources.
2021-07-28 17:56:07,025 [Worker-21: Building] INFO  o.e.m.c.i.embedder.EclipseLogger - skip non existing resourceDirectory F:\4 stl document\springboot stl\SimpleBeans\src\main\resources
2021-07-28 17:56:07,026 [Worker-21: Building] INFO  o.e.m.c.i.embedder.EclipseLogger - Using 'UTF-8' encoding to copy filtered resources.
2021-07-28 17:56:07,026 [Worker-21: Building] INFO  o.e.m.c.i.embedder.EclipseLogger - skip non existing resourceDirectory F:\4 stl document\springboot stl\SimpleBeans\src\test\resources
2021-07-28 17:56:35,576 [Worker-23: Building] INFO  o.e.m.c.i.embedder.EclipseLogger - Using 'UTF-8' encoding to copy filtered resources.
2021-07-28 17:56:35,577 [Worker-23: Building] INFO  o.e.m.c.i.embedder.EclipseLogger - skip non existing resourceDirectory F:\4 stl document\springboot stl\SimpleBeans\src\main\resources
2021-07-28 17:56:35,578 [Worker-23: Building] INFO  o.e.m.c.i.embedder.EclipseLogger - Using 'UTF-8' encoding to copy filtered resources.
2021-07-28 17:56:35,578 [Worker-23: Building] INFO  o.e.m.c.i.embedder.EclipseLogger - skip non existing resourceDirectory F:\4 stl document\springboot stl\SimpleBeans\src\test\resources
2021-07-28 17:57:38,109 [Worker-24: Building] INFO  o.e.m.c.i.embedder.EclipseLogger - Using 'UTF-8' encoding to copy filtered resources.
2021-07-28 17:57:38,109 [Worker-24: Building] INFO  o.e.m.c.i.embedder.EclipseLogger - skip non existing resourceDirectory F:\4 stl document\springboot stl\SimpleBeans\src\main\resources
2021-07-28 17:57:38,110 [Worker-24: Building] INFO  o.e.m.c.i.embedder.EclipseLogger - Using 'UTF-8' encoding to copy filtered resources.
2021-07-28 17:57:38,110 [Worker-24: Building] INFO  o.e.m.c.i.embedder.EclipseLogger - skip non existing resourceDirectory F:\4 stl document\springboot stl\SimpleBeans\src\test\resources
2021-07-28 17:57:48,013 [main] INFO  o.e.m2e.actions.ExecutePomAction - Creating new launch configuration
2021-07-28 17:57:57,721 [Worker-23: Launching SimpleBeans] INFO  o.e.m.i.launch.MavenLaunchDelegate - F:\4 stl document\springboot stl\SimpleBeans
2021-07-28 17:57:57,733 [Worker-23: Launching SimpleBeans] INFO  o.e.m.i.launch.MavenLaunchDelegate -  mvn -B clean compile
